/COM,ANSYS RELEASE 2019 R2           BUILD 19.4      UP20190416       00:21:23

 *** WARNING ***   SUPPRESSED MESSAGE    CP =       2.500   TIME= 00:55:53
 Altering the abort level key is not recommended.                        

 *** WARNING ***   SUPPRESSED MESSAGE    CP =       4.469   TIME= 01:14:54
 Altering the abort level key is not recommended.                        

 *** WARNING ***   SUPPRESSED MESSAGE    CP =     155.656   TIME= 01:27:50
 Altering the abort level key is not recommended.                        

 *** WARNING ***   SUPPRESSED MESSAGE    CP =     247.578   TIME= 01:45:57
 A default command range is not provided for the NSEL command.  The NSEL 
 command is ignored.                                                     

 *** WARNING ***   SUPPRESSED MESSAGE    CP =     249.875   TIME= 01:46:47
 A default command range is not provided for the NSEL command.  The NSEL 
 command is ignored.                                                     

 *** WARNING ***   SUPPRESSED MESSAGE    CP =     254.656   TIME= 01:47:01
 A default command range is not provided for the NSEL command.  The NSEL 
 command is ignored.                                                     

 *** WARNING ***   SUPPRESSED MESSAGE    CP =     260.734   TIME= 01:48:37
 A default command range is not provided for the NSEL command.  The NSEL 
 command is ignored.                                                     

 *** WARNING ***   SUPPRESSED MESSAGE    CP =     269.281   TIME= 01:48:53
 A default command range is not provided for the NSEL command.  The NSEL 
 command is ignored.                                                     

 *** WARNING ***   SUPPRESSED MESSAGE    CP =     280.438   TIME= 01:50:03
 A default command range is not provided for the NSEL command.  The NSEL 
 command is ignored.                                                     
